2021-06-22 18:25:05.417 +01:00 [WRN] Overriding address(es) 'https://localhost:5001, http://localhost:5000'. Binding to endpoints defined in UseKestrel() instead.
2021-06-22 18:29:12.882 +01:00 [INF] Me llego para procesar la song The grand illusion
2021-06-22 18:29:19.113 +01:00 [INF] Me llego para procesar la song The knife
2021-06-22 18:29:30.282 +01:00 [INF] Me llego para procesar la song The Lemon Song
2021-06-22 18:29:54.303 +01:00 [INF] Me llego para procesar la song The logical song
2021-06-22 18:29:59.255 +01:00 [INF] Me llego para procesar la song The March of the Black Queen
2021-06-22 18:30:07.374 +01:00 [INF] Me llego para procesar la song The miracle
2021-06-22 18:30:24.592 +01:00 [INF] Me llego para procesar la song The Music for the Royal Fireworks mov 0 overture
2021-06-22 18:30:53.272 +01:00 [INF] Me llego para procesar la song The Music for the Royal Fireworks mov 1 Allegro
2021-06-22 18:35:53.811 +01:00 [INF] Me llego para procesar la song The Music for the Royal Fireworks mov 2 Bourree
2021-06-22 18:35:58.224 +01:00 [INF] Me llego para procesar la song The Music for the Royal Fireworks mov 3 La Paix
2021-06-22 18:36:03.140 +01:00 [INF] Me llego para procesar la song The Music for the Royal Fireworks mov 4 La Rejouissance
2021-06-22 18:36:18.297 +01:00 [INF] Me llego para procesar la song The Music for the Royal Fireworks mov 5 Menuet I & II
2021-06-22 18:36:23.084 +01:00 [INF] Me llego para procesar la song The musical box
2021-06-22 18:36:28.198 +01:00 [INF] Me llego para procesar la song The Ocean
2021-06-22 18:36:34.809 +01:00 [INF] Me llego para procesar la song The one I love
2021-06-22 18:36:37.260 +01:00 [INF] Me llego para procesar la song The prophet's song
2021-06-22 18:36:42.383 +01:00 [INF] Me llego para procesar la song The reflex
2021-06-22 18:37:36.613 +01:00 [INF] Me llego para procesar la song The return of the giant Hogweed
2021-06-22 18:37:47.606 +01:00 [INF] Me llego para procesar la song The show must go on
2021-06-22 18:37:58.319 +01:00 [INF] Me llego para procesar la song The Six Wives of Henry VIII
2021-06-22 18:38:00.323 +01:00 [INF] Me llego para procesar la song The Song Remains The Same
2021-06-22 18:38:09.422 +01:00 [INF] Me llego para procesar la song The sweetest_thing
2021-06-22 18:38:12.353 +01:00 [INF] Me llego para procesar la song The way it is
2021-06-22 18:38:14.177 +01:00 [INF] Me llego para procesar la song The_fly
2021-06-22 18:38:30.353 +01:00 [INF] Me llego para procesar la song TheLook
2021-06-22 18:38:44.985 +01:00 [INF] Me llego para procesar la song Those eyes
2021-06-22 18:38:48.520 +01:00 [INF] Me llego para procesar la song Throwing it all away
2021-06-22 18:38:50.471 +01:00 [INF] Me llego para procesar la song Thunder_Struck
2021-06-22 18:38:56.838 +01:00 [INF] Me llego para procesar la song Thunderstruck
2021-06-22 18:39:22.538 +01:00 [INF] Me llego para procesar la song Ticket to ride
2021-06-22 18:39:25.537 +01:00 [INF] Me llego para procesar la song Tie Your Mother Down
2021-06-22 18:39:36.011 +01:00 [INF] Me llego para procesar la song Time
2021-06-22 18:39:38.372 +01:00 [INF] Me llego para procesar la song Time and still
2021-06-22 18:39:47.261 +01:00 [INF] Me llego para procesar la song Time passages
2021-06-22 18:39:49.957 +01:00 [INF] Me llego para procesar la song Tin man
2021-06-22 18:39:51.079 +01:00 [INF] Me llego para procesar la song TNT
2021-06-22 18:39:57.016 +01:00 [INF] Me llego para procesar la song Too much love will kill you
2021-06-22 18:39:58.950 +01:00 [INF] Me llego para procesar la song Too much time on my hands
2021-06-22 18:40:03.349 +01:00 [INF] Me llego para procesar la song Too old to rock and roll
2021-06-22 18:40:04.538 +01:00 [INF] Me llego para procesar la song Toto_Africa
2021-06-22 18:41:21.337 +01:00 [INF] Me llego para procesar la song Touch too much
2021-06-22 18:41:25.525 +01:00 [INF] Me llego para procesar la song Tubular bells
2021-06-22 18:42:55.782 +01:00 [INF] Me llego para procesar la song Turn it on again
2021-06-22 18:42:58.515 +01:00 [INF] Me llego para procesar la song Two Steps Behind
2021-06-22 18:42:59.055 +01:00 [INF] Me llego para procesar la song Unchain my heart
2021-06-22 18:43:15.203 +01:00 [INF] Me llego para procesar la song Under pressure
2021-06-22 18:43:37.021 +01:00 [INF] Me llego para procesar la song Velvet green
2021-06-22 18:43:44.100 +01:00 [INF] Me llego para procesar la song Ventura Highway
2021-06-22 18:43:51.502 +01:00 [INF] Me llego para procesar la song Victim Of Love
2021-06-22 18:43:53.850 +01:00 [INF] Me llego para procesar la song Violin Sonata No.3 in F mov 1
2021-06-22 18:43:54.335 +01:00 [INF] Me llego para procesar la song Violin Sonata No.3 in F mov 2
2021-06-22 18:43:55.071 +01:00 [INF] Me llego para procesar la song Violin Sonata No.3 in F mov 3
2021-06-22 18:43:55.279 +01:00 [INF] Me llego para procesar la song Violin Sonata No.3 in F mov 4
2021-06-22 18:43:56.008 +01:00 [INF] Me llego para procesar la song Violin Sonata No.6 in F mov 1 Adagio
2021-06-22 18:43:56.257 +01:00 [INF] Me llego para procesar la song Violin Sonata No.6 in F mov 2 Allegro
2021-06-22 18:43:56.987 +01:00 [INF] Me llego para procesar la song Violin Sonata No.6 in F mov 3 Largo
2021-06-22 18:43:57.068 +01:00 [INF] Me llego para procesar la song Violin Sonata No.6 in F mov 4 Allegro non troppo)
2021-06-22 18:43:57.501 +01:00 [INF] Me llego para procesar la song Vision of angels
2021-06-22 18:44:03.411 +01:00 [INF] Me llego para procesar la song Voodoo child
2021-06-22 18:44:15.801 +01:00 [INF] Me llego para procesar la song Waiting for a girl like you
2021-06-22 18:44:17.028 +01:00 [INF] Me llego para procesar la song Walk all over you
2021-06-22 18:44:21.183 +01:00 [INF] Me llego para procesar la song Walking on the moon
2021-06-22 18:44:23.675 +01:00 [INF] Me llego para procesar la song waltz_in_Ab
2021-06-22 18:44:23.756 +01:00 [INF] Me llego para procesar la song Was it all worth it
2021-06-22 18:44:27.381 +01:00 [INF] Me llego para procesar la song Watcher of the skyes
2021-06-22 18:45:35.310 +01:00 [INF] Me llego para procesar la song Water Music Suite No.2 in D
2021-06-22 18:45:37.623 +01:00 [INF] Me llego para procesar la song Watermelon Man
2021-06-22 18:45:42.012 +01:00 [INF] Me llego para procesar la song We are the champions
2021-06-22 18:45:46.535 +01:00 [INF] Me llego para procesar la song We will rock you
2021-06-22 18:45:47.071 +01:00 [INF] Me llego para procesar la song Welcome to the Jungle
2021-06-22 18:45:51.595 +01:00 [INF] Me llego para procesar la song What do you do for money
2021-06-22 18:45:52.202 +01:00 [INF] Me llego para procesar la song What Is And What Should Never Be
2021-06-22 18:45:57.137 +01:00 [INF] Me llego para procesar la song When The Levee Breaks
2021-06-22 18:46:03.349 +01:00 [INF] Me llego para procesar la song Where the streets have no name
2021-06-22 18:47:19.631 +01:00 [INF] Me llego para procesar la song While my guitar gently weeps
2021-06-22 18:47:42.333 +01:00 [INF] Me llego para procesar la song Who ll stop the rain
2021-06-22 18:47:50.728 +01:00 [INF] Me llego para procesar la song Who made who
2021-06-22 18:47:52.187 +01:00 [INF] Me llego para procesar la song Who wants to live for ever
2021-06-22 18:47:52.862 +01:00 [INF] Me llego para procesar la song Whole lotta love
2021-06-22 18:47:54.951 +01:00 [INF] Me llego para procesar la song Whole lotta rosie
2021-06-22 18:47:56.509 +01:00 [INF] Me llego para procesar la song Why cant this be love
2021-06-22 18:48:02.624 +01:00 [INF] Me llego para procesar la song Wild Boys
2021-06-22 18:48:05.305 +01:00 [INF] Me llego para procesar la song Wild horses
2021-06-22 18:48:11.510 +01:00 [INF] Me llego para procesar la song Wild world
2021-06-22 18:48:12.682 +01:00 [INF] Me llego para procesar la song Wind of change
2021-06-22 18:48:19.094 +01:00 [INF] Me llego para procesar la song Wish you were here
2021-06-22 18:48:19.929 +01:00 [INF] Me llego para procesar la song Witchy Woman
2021-06-22 18:48:25.648 +01:00 [INF] Me llego para procesar la song With a little help of my friends
2021-06-22 18:48:26.829 +01:00 [INF] Me llego para procesar la song With or without you
2021-06-22 18:48:28.673 +01:00 [INF] Me llego para procesar la song Women
2021-06-22 18:48:33.042 +01:00 [INF] Me llego para procesar la song Wonderwall
2021-06-22 18:48:34.531 +01:00 [INF] Me llego para procesar la song Worthy - Blessing and Honour - Amen Messiah
2021-06-22 18:48:39.863 +01:00 [INF] Me llego para procesar la song Year of the cat
2021-06-22 18:48:51.411 +01:00 [INF] Me llego para procesar la song Yesterday
2021-06-22 18:48:52.088 +01:00 [INF] Me llego para procesar la song YMCA
2021-06-22 18:48:53.301 +01:00 [INF] Me llego para procesar la song You are my best friend
2021-06-22 18:48:56.341 +01:00 [INF] Me llego para procesar la song You can do magic
2021-06-22 18:48:56.938 +01:00 [INF] Me llego para procesar la song You can leave your hat on
2021-06-22 18:49:14.200 +01:00 [INF] Me llego para procesar la song You Could Be Mine
2021-06-22 18:49:22.967 +01:00 [INF] Me llego para procesar la song You Don't Fool Me
2021-06-22 18:50:05.265 +01:00 [INF] Me llego para procesar la song You really got me
2021-06-22 18:50:06.657 +01:00 [INF] Me llego para procesar la song You should be dancing
2021-06-22 18:50:44.615 +01:00 [INF] Me llego para procesar la song Your Love
2021-06-22 18:50:51.180 +01:00 [INF] Me llego para procesar la song Your song
2021-06-22 18:50:51.734 +01:00 [INF] Me llego para procesar la song Yours is no disgrace
