2021-06-20 09:34:09.622 +01:00 [WRN] Overriding address(es) 'https://localhost:5001, http://localhost:5000'. Binding to endpoints defined in UseKestrel() instead.
2021-06-20 09:36:17.319 +01:00 [INF] Me llego para procesar la song 14 Years
2021-06-20 09:36:18.610 +01:00 [INF] Me llego para procesar la song 74 75
2021-06-20 09:36:25.903 +01:00 [INF] Me llego para procesar la song A day in the life
2021-06-20 09:36:37.874 +01:00 [INF] Me llego para procesar la song A German Requiem mov 1
2021-06-20 09:36:39.867 +01:00 [INF] Me llego para procesar la song A German Requiem mov 2
2021-06-20 09:36:50.943 +01:00 [INF] Me llego para procesar la song A German Requiem mov 5
2021-06-20 09:36:52.597 +01:00 [INF] Me llego para procesar la song A German Requiem mov 6
2021-06-20 09:37:28.472 +01:00 [INF] Me llego para procesar la song A German Requiem mov 7
2021-06-20 09:37:32.206 +01:00 [INF] Me llego para procesar la song A horse with no name
2021-06-20 09:37:33.340 +01:00 [INF] Me llego para procesar la song A man I ll never be
2021-06-20 09:37:36.056 +01:00 [INF] Me llego para procesar la song A trick of the tail
2021-06-20 09:37:41.059 +01:00 [INF] Me llego para procesar la song Abacab
2021-06-20 09:37:51.005 +01:00 [INF] Me llego para procesar la song Aint Talkin about love
2021-06-20 09:37:53.040 +01:00 [INF] Me llego para procesar la song All dead all dead
2021-06-20 09:37:53.825 +01:00 [INF] Me llego para procesar la song All I need is a miracle
2021-06-20 09:37:58.186 +01:00 [INF] Me llego para procesar la song All in a mouses night
2021-06-20 09:38:01.198 +01:00 [INF] Me llego para procesar la song All of my love
2021-06-20 09:38:09.509 +01:00 [INF] Me llego para procesar la song All we like sheep Messiah
2021-06-20 09:38:11.516 +01:00 [INF] Me llego para procesar la song All you need is love
2021-06-20 09:38:15.448 +01:00 [INF] Me llego para procesar la song Alll right now
2021-06-20 09:38:18.754 +01:00 [INF] Me llego para procesar la song Along the watchtower
2021-06-20 09:38:22.357 +01:00 [INF] Me llego para procesar la song Always on my mind
2021-06-20 09:39:18.750 +01:00 [INF] Me llego para procesar la song And He shall Purify Messiah
2021-06-20 09:39:20.412 +01:00 [INF] Me llego para procesar la song And the Glory of the Lord Messiah
2021-06-20 09:39:21.771 +01:00 [INF] Me llego para procesar la song Angel of Harlem
2021-06-20 09:39:33.797 +01:00 [INF] Me llego para procesar la song Angie
2021-06-20 09:39:35.866 +01:00 [INF] Me llego para procesar la song Another brick in the wall 1
2021-06-20 09:39:40.563 +01:00 [INF] Me llego para procesar la song Another brick in the wall 2
2021-06-20 09:39:45.431 +01:00 [INF] Me llego para procesar la song Another day in paradise
2021-06-20 09:39:49.314 +01:00 [INF] Me llego para procesar la song Another one bites the dust
2021-06-20 09:39:54.064 +01:00 [INF] Me llego para procesar la song Aqualung
2021-06-20 09:39:54.909 +01:00 [INF] Me llego para procesar la song Are remark You Made
2021-06-20 09:40:00.499 +01:00 [INF] Me llego para procesar la song Available light
2021-06-20 09:40:02.777 +01:00 [INF] Me llego para procesar la song Ave Maria
2021-06-20 09:40:03.594 +01:00 [INF] Me llego para procesar la song Awake the Harp chorus The Creation's Oratorio
2021-06-20 09:40:07.843 +01:00 [INF] Me llego para procesar la song Babe
2021-06-20 09:40:09.015 +01:00 [INF] Me llego para procesar la song Back in black
2021-06-20 09:40:10.481 +01:00 [INF] Me llego para procesar la song Bad attitude
2021-06-20 09:40:14.840 +01:00 [INF] Me llego para procesar la song Bagatelle 25 A minor WoO 59 Fur Elise
2021-06-20 09:40:15.188 +01:00 [INF] Me llego para procesar la song Baker street
2021-06-20 09:40:20.266 +01:00 [INF] Me llego para procesar la song Beat it
2021-06-20 09:40:23.278 +01:00 [INF] Me llego para procesar la song Beds are burning
2021-06-20 09:40:24.779 +01:00 [INF] Me llego para procesar la song Benny and the jets
2021-06-20 09:40:49.779 +01:00 [INF] Me llego para procesar la song Big Gun
2021-06-20 09:40:50.847 +01:00 [INF] Me llego para procesar la song Big in Japan
2021-06-20 09:40:53.317 +01:00 [INF] Me llego para procesar la song Bigmouth strikes again
2021-06-20 09:41:10.260 +01:00 [INF] Me llego para procesar la song Bird Land
2021-06-20 09:41:15.477 +01:00 [INF] Me llego para procesar la song Birthday
2021-06-20 09:41:17.714 +01:00 [INF] Me llego para procesar la song Bittersweet symphony
2021-06-20 09:41:20.600 +01:00 [INF] Me llego para procesar la song Black Dog
2021-06-20 09:41:23.085 +01:00 [INF] Me llego para procesar la song Black magic woman
2021-06-20 09:41:52.278 +01:00 [INF] Me llego para procesar la song Black Market
2021-06-20 09:41:54.406 +01:00 [INF] Me llego para procesar la song Black night
2021-06-20 09:41:57.378 +01:00 [INF] Me llego para procesar la song Blinded by the light
2021-06-20 09:41:59.182 +01:00 [INF] Me llego para procesar la song Bloody well right
2021-06-20 09:42:06.942 +01:00 [INF] Me llego para procesar la song Blue collar man
2021-06-20 09:42:16.888 +01:00 [INF] Me llego para procesar la song Boat on the river
2021-06-20 09:42:44.219 +01:00 [INF] Me llego para procesar la song Bohemian Rhapsody
2021-06-20 09:42:47.637 +01:00 [INF] Me llego para procesar la song Bouree
2021-06-20 09:42:51.598 +01:00 [INF] Me llego para procesar la song Brighton rock
2021-06-20 10:33:03.761 +01:00 [WRN] Overriding address(es) 'https://localhost:5001, http://localhost:5000'. Binding to endpoints defined in UseKestrel() instead.
