2021-08-01 07:13:20.901 +01:00 [WRN] Overriding address(es) 'https://localhost:5001, http://localhost:5000'. Binding to endpoints defined in UseKestrel() instead.
2021-08-01 07:19:41.640 +01:00 [ERR] An unhandled exception has occurred while executing the request.
System.FormatException: '60d577ef035c715d2ea7ef54"' is not a valid 24 digit hex string.
   at MongoDB.Bson.ObjectId.Parse(String s)
   at MongoDB.Bson.Serialization.Serializers.StringSerializer.SerializeValue(BsonSerializationContext context, BsonSerializationArgs args, String value)
   at MongoDB.Bson.Serialization.Serializers.SealedClassSerializerBase`1.Serialize(BsonSerializationContext context, BsonSerializationArgs args, TValue value)
   at MongoDB.Bson.Serialization.IBsonSerializerExtensions.Serialize[TValue](IBsonSerializer`1 serializer, BsonSerializationContext context, TValue value)
   at MongoDB.Driver.SimpleFilterDefinition`2.Render(IBsonSerializer`1 documentSerializer, IBsonSerializerRegistry serializerRegistry)
   at MongoDB.Driver.MongoCollectionImpl`1.CreateFindOperation[TProjection](FilterDefinition`1 filter, FindOptions`2 options)
   at MongoDB.Driver.MongoCollectionImpl`1.FindAsync[TProjection](IClientSessionHandle session, FilterDefinition`1 filter, FindOptions`2 options, CancellationToken cancellationToken)
   at MongoDB.Driver.MongoCollectionImpl`1.<>c__DisplayClass47_0`1.<FindAsync>b__0(IClientSessionHandle session)
   at MongoDB.Driver.MongoCollectionImpl`1.UsingImplicitSessionAsync[TResult](Func`2 funcAsync, CancellationToken cancellationToken)
   at MongoDB.Driver.IAsyncCursorSourceExtensions.FirstOrDefaultAsync[TDocument](IAsyncCursorSource`1 source, CancellationToken cancellationToken)
   at SinphinitySysStore.Repositories.SongsRepository.GetSongByIdAsync(String songId, Nullable`1 songSimplification) in C:\dev\Sinphinity\Backend\SinphinitySysStore\Repositories\SongsRepository.cs:line 73
   at SinphinitySysStore.Controllers.SongsController.GetSong(String songId, Nullable`1 simplificationVersion) in C:\dev\Sinphinity\Backend\SinphinitySysStore\Controllers\SongsController.cs:line 55
   at Microsoft.AspNetCore.Mvc.Infrastructure.ActionMethodExecutor.TaskOfIActionResultExecutor.Execute(IActionResultTypeMapper mapper, ObjectMethodExecutor executor, Object controller, Object[] arguments)
   at Microsoft.AspNetCore.Mvc.Infrastructure.ControllerActionInvoker.<InvokeActionMethodAsync>g__Awaited|12_0(ControllerActionInvoker invoker, ValueTask`1 actionResultValueTask)
   at Microsoft.AspNetCore.Mvc.Infrastructure.ControllerActionInvoker.<InvokeNextActionFilterAsync>g__Awaited|10_0(ControllerActionInvoker invoker, Task lastTask, State next, Scope scope, Object state, Boolean isCompleted)
   at Microsoft.AspNetCore.Mvc.Infrastructure.ControllerActionInvoker.Rethrow(ActionExecutedContextSealed context)
   at Microsoft.AspNetCore.Mvc.Infrastructure.ControllerActionInvoker.Next(State& next, Scope& scope, Object& state, Boolean& isCompleted)
   at Microsoft.AspNetCore.Mvc.Infrastructure.ControllerActionInvoker.<InvokeInnerFilterAsync>g__Awaited|13_0(ControllerActionInvoker invoker, Task lastTask, State next, Scope scope, Object state, Boolean isCompleted)
   at Microsoft.AspNetCore.Mvc.Infrastructure.ResourceInvoker.<InvokeFilterPipelineAsync>g__Awaited|19_0(ResourceInvoker invoker, Task lastTask, State next, Scope scope, Object state, Boolean isCompleted)
   at Microsoft.AspNetCore.Mvc.Infrastructure.ResourceInvoker.<InvokeAsync>g__Awaited|17_0(ResourceInvoker invoker, Task task, IDisposable scope)
   at Microsoft.AspNetCore.Routing.EndpointMiddleware.<Invoke>g__AwaitRequestTask|6_0(Endpoint endpoint, Task requestTask, ILogger logger)
   at Microsoft.AspNetCore.Diagnostics.DeveloperExceptionPageMiddleware.Invoke(HttpContext context)
2021-08-01 07:20:41.051 +01:00 [WRN] Overriding address(es) 'https://localhost:5001, http://localhost:5000'. Binding to endpoints defined in UseKestrel() instead.
2021-08-01 07:20:48.136 +01:00 [ERR] An unhandled exception has occurred while executing the request.
System.FormatException: '60d577ef035c715d2ea7ef54"' is not a valid 24 digit hex string.
   at MongoDB.Bson.ObjectId.Parse(String s)
   at MongoDB.Bson.Serialization.Serializers.StringSerializer.SerializeValue(BsonSerializationContext context, BsonSerializationArgs args, String value)
   at MongoDB.Bson.Serialization.Serializers.SealedClassSerializerBase`1.Serialize(BsonSerializationContext context, BsonSerializationArgs args, TValue value)
   at MongoDB.Bson.Serialization.IBsonSerializerExtensions.Serialize[TValue](IBsonSerializer`1 serializer, BsonSerializationContext context, TValue value)
   at MongoDB.Driver.SimpleFilterDefinition`2.Render(IBsonSerializer`1 documentSerializer, IBsonSerializerRegistry serializerRegistry)
   at MongoDB.Driver.MongoCollectionImpl`1.CreateFindOperation[TProjection](FilterDefinition`1 filter, FindOptions`2 options)
   at MongoDB.Driver.MongoCollectionImpl`1.FindAsync[TProjection](IClientSessionHandle session, FilterDefinition`1 filter, FindOptions`2 options, CancellationToken cancellationToken)
   at MongoDB.Driver.MongoCollectionImpl`1.<>c__DisplayClass47_0`1.<FindAsync>b__0(IClientSessionHandle session)
   at MongoDB.Driver.MongoCollectionImpl`1.UsingImplicitSessionAsync[TResult](Func`2 funcAsync, CancellationToken cancellationToken)
   at MongoDB.Driver.IAsyncCursorSourceExtensions.FirstOrDefaultAsync[TDocument](IAsyncCursorSource`1 source, CancellationToken cancellationToken)
   at SinphinitySysStore.Repositories.SongsRepository.GetSongByIdAsync(String songId, Nullable`1 songSimplification) in C:\dev\Sinphinity\Backend\SinphinitySysStore\Repositories\SongsRepository.cs:line 73
   at SinphinitySysStore.Controllers.SongsController.GetSong(String songId, Nullable`1 simplificationVersion) in C:\dev\Sinphinity\Backend\SinphinitySysStore\Controllers\SongsController.cs:line 55
   at Microsoft.AspNetCore.Mvc.Infrastructure.ActionMethodExecutor.TaskOfIActionResultExecutor.Execute(IActionResultTypeMapper mapper, ObjectMethodExecutor executor, Object controller, Object[] arguments)
   at Microsoft.AspNetCore.Mvc.Infrastructure.ControllerActionInvoker.<InvokeActionMethodAsync>g__Awaited|12_0(ControllerActionInvoker invoker, ValueTask`1 actionResultValueTask)
   at Microsoft.AspNetCore.Mvc.Infrastructure.ControllerActionInvoker.<InvokeNextActionFilterAsync>g__Awaited|10_0(ControllerActionInvoker invoker, Task lastTask, State next, Scope scope, Object state, Boolean isCompleted)
   at Microsoft.AspNetCore.Mvc.Infrastructure.ControllerActionInvoker.Rethrow(ActionExecutedContextSealed context)
   at Microsoft.AspNetCore.Mvc.Infrastructure.ControllerActionInvoker.Next(State& next, Scope& scope, Object& state, Boolean& isCompleted)
   at Microsoft.AspNetCore.Mvc.Infrastructure.ControllerActionInvoker.<InvokeInnerFilterAsync>g__Awaited|13_0(ControllerActionInvoker invoker, Task lastTask, State next, Scope scope, Object state, Boolean isCompleted)
   at Microsoft.AspNetCore.Mvc.Infrastructure.ResourceInvoker.<InvokeFilterPipelineAsync>g__Awaited|19_0(ResourceInvoker invoker, Task lastTask, State next, Scope scope, Object state, Boolean isCompleted)
   at Microsoft.AspNetCore.Mvc.Infrastructure.ResourceInvoker.<InvokeAsync>g__Awaited|17_0(ResourceInvoker invoker, Task task, IDisposable scope)
   at Microsoft.AspNetCore.Routing.EndpointMiddleware.<Invoke>g__AwaitRequestTask|6_0(Endpoint endpoint, Task requestTask, ILogger logger)
   at Microsoft.AspNetCore.Diagnostics.DeveloperExceptionPageMiddleware.Invoke(HttpContext context)
2021-08-01 07:22:05.746 +01:00 [ERR] An unhandled exception has occurred while executing the request.
System.FormatException: '60d577ef035c715d2ea7ef54"' is not a valid 24 digit hex string.
   at MongoDB.Bson.ObjectId.Parse(String s)
   at MongoDB.Bson.Serialization.Serializers.StringSerializer.SerializeValue(BsonSerializationContext context, BsonSerializationArgs args, String value)
   at MongoDB.Bson.Serialization.Serializers.SealedClassSerializerBase`1.Serialize(BsonSerializationContext context, BsonSerializationArgs args, TValue value)
   at MongoDB.Bson.Serialization.IBsonSerializerExtensions.Serialize[TValue](IBsonSerializer`1 serializer, BsonSerializationContext context, TValue value)
   at MongoDB.Driver.SimpleFilterDefinition`2.Render(IBsonSerializer`1 documentSerializer, IBsonSerializerRegistry serializerRegistry)
   at MongoDB.Driver.MongoCollectionImpl`1.CreateFindOperation[TProjection](FilterDefinition`1 filter, FindOptions`2 options)
   at MongoDB.Driver.MongoCollectionImpl`1.FindAsync[TProjection](IClientSessionHandle session, FilterDefinition`1 filter, FindOptions`2 options, CancellationToken cancellationToken)
   at MongoDB.Driver.MongoCollectionImpl`1.<>c__DisplayClass47_0`1.<FindAsync>b__0(IClientSessionHandle session)
   at MongoDB.Driver.MongoCollectionImpl`1.UsingImplicitSessionAsync[TResult](Func`2 funcAsync, CancellationToken cancellationToken)
   at MongoDB.Driver.IAsyncCursorSourceExtensions.FirstOrDefaultAsync[TDocument](IAsyncCursorSource`1 source, CancellationToken cancellationToken)
   at SinphinitySysStore.Repositories.SongsRepository.GetSongByIdAsync(String songId, Nullable`1 songSimplification) in C:\dev\Sinphinity\Backend\SinphinitySysStore\Repositories\SongsRepository.cs:line 73
   at SinphinitySysStore.Controllers.SongsController.GetSong(String songId, Nullable`1 simplificationVersion) in C:\dev\Sinphinity\Backend\SinphinitySysStore\Controllers\SongsController.cs:line 55
   at Microsoft.AspNetCore.Mvc.Infrastructure.ActionMethodExecutor.TaskOfIActionResultExecutor.Execute(IActionResultTypeMapper mapper, ObjectMethodExecutor executor, Object controller, Object[] arguments)
   at Microsoft.AspNetCore.Mvc.Infrastructure.ControllerActionInvoker.<InvokeActionMethodAsync>g__Awaited|12_0(ControllerActionInvoker invoker, ValueTask`1 actionResultValueTask)
   at Microsoft.AspNetCore.Mvc.Infrastructure.ControllerActionInvoker.<InvokeNextActionFilterAsync>g__Awaited|10_0(ControllerActionInvoker invoker, Task lastTask, State next, Scope scope, Object state, Boolean isCompleted)
   at Microsoft.AspNetCore.Mvc.Infrastructure.ControllerActionInvoker.Rethrow(ActionExecutedContextSealed context)
   at Microsoft.AspNetCore.Mvc.Infrastructure.ControllerActionInvoker.Next(State& next, Scope& scope, Object& state, Boolean& isCompleted)
   at Microsoft.AspNetCore.Mvc.Infrastructure.ControllerActionInvoker.InvokeInnerFilterAsync()
--- End of stack trace from previous location ---
   at Microsoft.AspNetCore.Mvc.Infrastructure.ResourceInvoker.<InvokeFilterPipelineAsync>g__Awaited|19_0(ResourceInvoker invoker, Task lastTask, State next, Scope scope, Object state, Boolean isCompleted)
   at Microsoft.AspNetCore.Mvc.Infrastructure.ResourceInvoker.<InvokeAsync>g__Awaited|17_0(ResourceInvoker invoker, Task task, IDisposable scope)
   at Microsoft.AspNetCore.Routing.EndpointMiddleware.<Invoke>g__AwaitRequestTask|6_0(Endpoint endpoint, Task requestTask, ILogger logger)
   at Microsoft.AspNetCore.Diagnostics.DeveloperExceptionPageMiddleware.Invoke(HttpContext context)
2021-08-01 07:26:48.983 +01:00 [WRN] Overriding address(es) 'https://localhost:5001, http://localhost:5000'. Binding to endpoints defined in UseKestrel() instead.
2021-08-01 07:27:53.469 +01:00 [WRN] Overriding address(es) 'https://localhost:5001, http://localhost:5000'. Binding to endpoints defined in UseKestrel() instead.
2021-08-01 07:29:34.116 +01:00 [ERR] An unhandled exception has occurred while executing the request.
System.InvalidOperationException: Unable to resolve service for type 'SinphinitySysStore.Repositories.PatternsRepository' while attempting to activate 'SinphinitySysStore.Controllers.PatternsController'.
   at Microsoft.Extensions.DependencyInjection.ActivatorUtilities.GetService(IServiceProvider sp, Type type, Type requiredBy, Boolean isDefaultParameterRequired)
   at lambda_method98(Closure , IServiceProvider , Object[] )
   at Microsoft.AspNetCore.Mvc.Controllers.ControllerActivatorProvider.<>c__DisplayClass4_0.<CreateActivator>b__0(ControllerContext controllerContext)
   at Microsoft.AspNetCore.Mvc.Controllers.ControllerFactoryProvider.<>c__DisplayClass5_0.<CreateControllerFactory>g__CreateController|0(ControllerContext controllerContext)
   at Microsoft.AspNetCore.Mvc.Infrastructure.ControllerActionInvoker.Next(State& next, Scope& scope, Object& state, Boolean& isCompleted)
   at Microsoft.AspNetCore.Mvc.Infrastructure.ControllerActionInvoker.InvokeInnerFilterAsync()
--- End of stack trace from previous location ---
   at Microsoft.AspNetCore.Mvc.Infrastructure.ResourceInvoker.<InvokeFilterPipelineAsync>g__Awaited|19_0(ResourceInvoker invoker, Task lastTask, State next, Scope scope, Object state, Boolean isCompleted)
   at Microsoft.AspNetCore.Mvc.Infrastructure.ResourceInvoker.<InvokeAsync>g__Awaited|17_0(ResourceInvoker invoker, Task task, IDisposable scope)
   at Microsoft.AspNetCore.Routing.EndpointMiddleware.<Invoke>g__AwaitRequestTask|6_0(Endpoint endpoint, Task requestTask, ILogger logger)
   at Microsoft.AspNetCore.Diagnostics.DeveloperExceptionPageMiddleware.Invoke(HttpContext context)
2021-08-01 07:31:09.814 +01:00 [ERR] An unhandled exception has occurred while executing the request.
System.InvalidOperationException: Unable to resolve service for type 'SinphinitySysStore.Repositories.PatternsRepository' while attempting to activate 'SinphinitySysStore.Controllers.PatternsController'.
   at Microsoft.Extensions.DependencyInjection.ActivatorUtilities.GetService(IServiceProvider sp, Type type, Type requiredBy, Boolean isDefaultParameterRequired)
   at lambda_method98(Closure , IServiceProvider , Object[] )
   at Microsoft.AspNetCore.Mvc.Controllers.ControllerActivatorProvider.<>c__DisplayClass4_0.<CreateActivator>b__0(ControllerContext controllerContext)
   at Microsoft.AspNetCore.Mvc.Controllers.ControllerFactoryProvider.<>c__DisplayClass5_0.<CreateControllerFactory>g__CreateController|0(ControllerContext controllerContext)
   at Microsoft.AspNetCore.Mvc.Infrastructure.ControllerActionInvoker.Next(State& next, Scope& scope, Object& state, Boolean& isCompleted)
   at Microsoft.AspNetCore.Mvc.Infrastructure.ControllerActionInvoker.InvokeInnerFilterAsync()
--- End of stack trace from previous location ---
   at Microsoft.AspNetCore.Mvc.Infrastructure.ResourceInvoker.<InvokeFilterPipelineAsync>g__Awaited|19_0(ResourceInvoker invoker, Task lastTask, State next, Scope scope, Object state, Boolean isCompleted)
   at Microsoft.AspNetCore.Mvc.Infrastructure.ResourceInvoker.<InvokeAsync>g__Awaited|17_0(ResourceInvoker invoker, Task task, IDisposable scope)
   at Microsoft.AspNetCore.Routing.EndpointMiddleware.<Invoke>g__AwaitRequestTask|6_0(Endpoint endpoint, Task requestTask, ILogger logger)
   at Microsoft.AspNetCore.Diagnostics.DeveloperExceptionPageMiddleware.Invoke(HttpContext context)
2021-08-01 07:33:51.458 +01:00 [WRN] Overriding address(es) 'https://localhost:5001, http://localhost:5000'. Binding to endpoints defined in UseKestrel() instead.
2021-08-01 07:35:06.101 +01:00 [WRN] Overriding address(es) 'https://localhost:5001, http://localhost:5000'. Binding to endpoints defined in UseKestrel() instead.
2021-08-01 07:37:16.124 +01:00 [WRN] Overriding address(es) 'https://localhost:5001, http://localhost:5000'. Binding to endpoints defined in UseKestrel() instead.
2021-08-01 08:01:23.925 +01:00 [WRN] Overriding address(es) 'https://localhost:5001, http://localhost:5000'. Binding to endpoints defined in UseKestrel() instead.
2021-08-01 08:02:19.053 +01:00 [WRN] Overriding address(es) 'https://localhost:5001, http://localhost:5000'. Binding to endpoints defined in UseKestrel() instead.
2021-08-01 08:52:57.982 +01:00 [WRN] Overriding address(es) 'https://localhost:5001, http://localhost:5000'. Binding to endpoints defined in UseKestrel() instead.
2021-08-01 09:11:47.258 +01:00 [WRN] Overriding address(es) 'https://localhost:5001, http://localhost:5000'. Binding to endpoints defined in UseKestrel() instead.
2021-08-01 09:22:11.978 +01:00 [WRN] Overriding address(es) 'https://localhost:5001, http://localhost:5000'. Binding to endpoints defined in UseKestrel() instead.
2021-08-01 09:24:41.961 +01:00 [WRN] Overriding address(es) 'https://localhost:5001, http://localhost:5000'. Binding to endpoints defined in UseKestrel() instead.
2021-08-01 09:37:40.895 +01:00 [WRN] Overriding address(es) 'https://localhost:5001, http://localhost:5000'. Binding to endpoints defined in UseKestrel() instead.
2021-08-01 09:41:31.208 +01:00 [WRN] Overriding address(es) 'https://localhost:5001, http://localhost:5000'. Binding to endpoints defined in UseKestrel() instead.
2021-08-01 09:50:32.253 +01:00 [WRN] Overriding address(es) 'https://localhost:5001, http://localhost:5000'. Binding to endpoints defined in UseKestrel() instead.
2021-08-01 10:00:12.172 +01:00 [WRN] Overriding address(es) 'https://localhost:5001, http://localhost:5000'. Binding to endpoints defined in UseKestrel() instead.
2021-08-01 10:09:22.659 +01:00 [WRN] Overriding address(es) 'https://localhost:5001, http://localhost:5000'. Binding to endpoints defined in UseKestrel() instead.
2021-08-01 10:10:35.218 +01:00 [WRN] Overriding address(es) 'https://localhost:5001, http://localhost:5000'. Binding to endpoints defined in UseKestrel() instead.
2021-08-01 10:10:59.716 +01:00 [WRN] Overriding address(es) 'https://localhost:5001, http://localhost:5000'. Binding to endpoints defined in UseKestrel() instead.
2021-08-01 10:15:03.853 +01:00 [WRN] Overriding address(es) 'https://localhost:5001, http://localhost:5000'. Binding to endpoints defined in UseKestrel() instead.
2021-08-01 10:19:56.466 +01:00 [WRN] Overriding address(es) 'https://localhost:5001, http://localhost:5000'. Binding to endpoints defined in UseKestrel() instead.
2021-08-01 10:24:06.954 +01:00 [WRN] Overriding address(es) 'https://localhost:5001, http://localhost:5000'. Binding to endpoints defined in UseKestrel() instead.
2021-08-01 10:40:53.586 +01:00 [WRN] Overriding address(es) 'https://localhost:5001, http://localhost:5000'. Binding to endpoints defined in UseKestrel() instead.
2021-08-01 10:43:40.739 +01:00 [WRN] Overriding address(es) 'https://localhost:5001, http://localhost:5000'. Binding to endpoints defined in UseKestrel() instead.
2021-08-01 10:45:13.786 +01:00 [WRN] Overriding address(es) 'https://localhost:5001, http://localhost:5000'. Binding to endpoints defined in UseKestrel() instead.
2021-08-01 10:48:01.771 +01:00 [WRN] Overriding address(es) 'https://localhost:5001, http://localhost:5000'. Binding to endpoints defined in UseKestrel() instead.
2021-08-01 10:49:05.871 +01:00 [WRN] Overriding address(es) 'https://localhost:5001, http://localhost:5000'. Binding to endpoints defined in UseKestrel() instead.
2021-08-01 10:59:28.544 +01:00 [WRN] Overriding address(es) 'https://localhost:5001, http://localhost:5000'. Binding to endpoints defined in UseKestrel() instead.
2021-08-01 11:00:37.668 +01:00 [WRN] Overriding address(es) 'https://localhost:5001, http://localhost:5000'. Binding to endpoints defined in UseKestrel() instead.
2021-08-01 11:23:46.361 +01:00 [WRN] Overriding address(es) 'https://localhost:5001, http://localhost:5000'. Binding to endpoints defined in UseKestrel() instead.
